2026-03-28 17:08:14 | DEBUG | Logger initialized — level: DEBUG, file: logs/bayesian_model_20260328_170814.log
2026-03-28 17:08:14 | DEBUG | Running get merged data dir: data/
2026-03-28 17:08:14 | DEBUG | Running get_app_data dir: data/
2026-03-28 17:08:16 | DEBUG | IncomeBracket distribution:
IncomeBracket
Medium    125959
Low       121651
High      108645
2026-03-28 17:08:16 | DEBUG | LoanOutcome distribution:
LoanOutcome
Repaid       282686
Defaulted     73569
2026-03-28 17:08:16 | DEBUG | ExtSource1Risk distribution:
ExtSource1Risk
NaN         193910
Medium       36561
MedHigh      35702
Low          32866
High         29903
VeryHigh     14066
VeryLow      13247
2026-03-28 17:08:16 | DEBUG | ExtSource2Risk distribution:
ExtSource2Risk
Medium      118303
Low         101191
MedHigh      61825
High         42186
VeryHigh     31400
VeryLow        682
NaN            668
2026-03-28 17:08:16 | DEBUG | ExtSource3Risk distribution:
ExtSource3Risk
Medium      79047
Low         70415
NaN         69633
MedHigh     62387
High        41787
VeryHigh    22651
VeryLow     10335
2026-03-28 17:08:16 | DEBUG | AmtCredit distribution:
AmtCredit
High       149475
MedLow      80397
MedHigh     71349
Med         20703
VeryLow     18421
Low         15910
2026-03-28 17:08:16 | DEBUG | AmtGoodsPrice distribution:
AmtGoodsPrice
VeryLow     88132
Medium      81641
VeryHigh    70442
MedHigh     69809
High        35981
Low          9972
NaN           278
2026-03-28 17:08:16 | DEBUG | AmtReqCreditBureauMon distribution:
AmtReqCreditBureauMon
NaN        312142
Medium      33471
VeryLow     10642
2026-03-28 17:08:16 | DEBUG | Running generate_bureau_summary dir: data/
2026-03-28 17:08:37 | DEBUG | Running generate_install_summary dir: data/
2026-03-28 17:09:50 | DEBUG | Running generate_util_summary dir: data/
2026-03-28 17:09:54 | DEBUG | Running generate_pos_summary dir: data/
2026-03-28 17:10:21 | DEBUG | Running generate_prev_summary dir: data/
2026-03-28 17:11:07 | DEBUG | merged df dtypes:
IncomeType               object
OccupationType           object
IncomeBracket            object
LoanOutcome              object
ExtSource1Risk           object
ExtSource2Risk           object
ExtSource3Risk           object
AmtCredit                object
AmtGoodsPrice            object
AmtReqCreditBureauMon    object
PaymentHistory           object
PriorLoanApproved        object
PrevRejected             object
CreditUtilization        object
DPD                      object
ContractStatus           object
DaysOverdue              object
MaxOverdue               object
DebtLoad                 object
CreditProlonged          object
ActiveCredits            object
dtype: object
2026-03-28 17:11:07 | DEBUG | merged df shape:
(356255, 21)
2026-03-28 17:11:08 | DEBUG | install_summary numeric cols by LoanOutcome:
            on_time_rate                                                        total_fills                                                    
                   count      mean       std  min       25%       50%  75%  max       count       mean        std  min   25%   50%   75%    max
LoanOutcome                                                                                                                                    
Defaulted        71820.0  0.921509  0.117823  0.0  0.884615  0.976190  1.0  1.0     71820.0  40.296046  41.608588  1.0  12.0  25.0  52.0  336.0
Repaid          267767.0  0.926462  0.113891  0.0  0.892857  0.983607  1.0  1.0    267767.0  40.002461  40.902990  1.0  12.0  25.0  51.0  372.0
2026-03-28 17:11:08 | DEBUG | util_summary numeric cols by LoanOutcome:
            avg_utilization                                                                 max_utilization                                                            
                      count     mean       std       min  25%       50%       75%       max           count      mean       std  min  25%       50%       75%       max
LoanOutcome                                                                                                                                                            
Defaulted           24187.0  0.31702  0.335333 -0.058333  0.0  0.198784  0.598620  1.398834         24187.0  0.631584  0.481755  0.0  0.0  0.953923  1.044763   2.86418
Repaid              79371.0  0.28615  0.314616 -0.065116  0.0  0.166524  0.519791  2.138790         79371.0  0.610743  0.485328  0.0  0.0  0.923634  1.042524  11.77751
2026-03-28 17:11:08 | DEBUG | pos_summary numeric cols by LoanOutcome:
            active_contracts                                                       max_dpd                                                    max_dpd_def                                                 
                       count       mean        std  min   25%   50%   75%    max     count       mean         std  min  25%  50%  75%     max       count      mean        std  min  25%  50%  75%     max
LoanOutcome                                                                                                                                                                                               
Defaulted            71429.0  26.692380  23.216783  0.0  11.0  19.0  35.0  230.0   71429.0  14.601702  150.158062  0.0  0.0  0.0  0.0  4108.0     71429.0  1.815509  43.395296  0.0  0.0  0.0  0.0  3595.0
Repaid              265823.0  27.253131  22.592099  0.0  11.0  21.0  36.0  271.0  265823.0  15.480162  151.660588  0.0  0.0  0.0  0.0  4231.0    265823.0  1.381415  28.646712  0.0  0.0  0.0  0.0  3373.0
2026-03-28 17:11:08 | DEBUG | bureau_summary numeric cols by LoanOutcome:
            active_credits                                               max_days_overdue                                                  max_overdue_amt                                                                    total_debt                                                                                       total_prolonged                                             
                     count      mean       std  min  25%  50%  75%   max            count      mean        std  min  25%  50%  75%     max           count         mean            std  min  25%  50%        75%          max      count           mean           std         min  25%         50%           75%           max           count      mean       std  min  25%  50%  75%  max
LoanOutcome                                                                                                                                                                                                                                                                                                                                                                                
Defaulted          62688.0  2.217713  1.917769  0.0  1.0  2.0  3.0  32.0          62688.0  3.682635  74.399429  0.0  0.0  0.0  0.0  2776.0         43508.0  8578.720963  136079.096678  0.0  0.0  0.0  6046.5825   16950010.5    62688.0  718458.882502  1.572778e+06  -387310.50  0.0  223971.975  792877.19625  6.544140e+07         62688.0  0.019669  0.165005  0.0  0.0  0.0  0.0  6.0
Repaid            243123.0  2.021952  1.755527  0.0  1.0  2.0  3.0  20.0         243123.0  4.631043  88.224679  0.0  0.0  0.0  0.0  2792.0        169463.0  9123.586625  378497.608951  0.0  0.0  0.0  5670.0000  115987185.0   243123.0  637271.677587  1.657346e+06 -6981558.21  0.0  162063.000  648164.25000  3.344983e+08        243123.0  0.040185  0.247289  0.0  0.0  0.0  0.0  9.0
2026-03-28 17:11:08 | DEBUG | prev_summary numeric cols by LoanOutcome:
            prior_approved                                               prior_refused                                               prior_total                                              
                     count      mean       std  min  25%  50%  75%   max         count      mean       std  min  25%  50%  75%   max       count      mean       std  min  25%  50%  75%   max
LoanOutcome                                                                                                                                                                                   
Defaulted          71645.0  3.041734  2.147534  0.0  1.0  2.0  4.0  19.0       71645.0  1.043004  2.080697  0.0  0.0  0.0  1.0  64.0     71645.0  5.288199  4.615232  1.0  2.0  4.0  7.0  77.0
Repaid            267212.0  3.064443  2.132118  0.0  1.0  3.0  4.0  27.0      267212.0  0.808167  1.754153  0.0  0.0  0.0  1.0  68.0    267212.0  4.832646  4.103169  1.0  2.0  4.0  6.0  73.0
2026-03-28 17:11:08 | DEBUG | Train: 285004 rows, Test: 71251 rows
2026-03-28 17:11:08 | DEBUG | Feature vs LoanOutcome:
LoanOutcome  Defaulted    Repaid
IncomeType                      
Stable        0.212163  0.787837
Unstable      0.189779  0.810221
2026-03-28 17:11:08 | DEBUG | Feature vs LoanOutcome:
LoanOutcome     Defaulted    Repaid
OccupationType                     
Laborer          0.223294  0.776706
Professional     0.192072  0.807928
Unknown          0.195351  0.804649
2026-03-28 17:11:09 | DEBUG | Feature vs LoanOutcome:
LoanOutcome    Defaulted    Repaid
IncomeBracket                     
High            0.214118  0.785882
Low             0.192370  0.807630
Medium          0.213612  0.786388
2026-03-28 17:11:09 | DEBUG | Feature vs LoanOutcome:
LoanOutcome     Defaulted    Repaid
ExtSource1Risk                     
High             0.254274  0.745726
Low              0.204604  0.795396
MedHigh          0.244664  0.755336
Medium           0.229862  0.770138
Unknown          0.181813  0.818187
VeryHigh         0.324758  0.675242
VeryLow          0.171596  0.828404
2026-03-28 17:11:09 | DEBUG | Feature vs LoanOutcome:
LoanOutcome     Defaulted    Repaid
ExtSource2Risk                     
High             0.240263  0.759737
Low              0.164592  0.835408
MedHigh          0.229846  0.770154
Medium           0.199759  0.800241
Unknown          0.085028  0.914972
VeryHigh         0.278790  0.721210
VeryLow          0.177122  0.822878
2026-03-28 17:11:09 | DEBUG | Feature vs LoanOutcome:
LoanOutcome     Defaulted    Repaid
ExtSource3Risk                     
High             0.256668  0.743332
Low              0.164172  0.835828
MedHigh          0.219362  0.780638
Medium           0.186062  0.813938
Unknown          0.205991  0.794009
VeryHigh         0.317132  0.682868
VeryLow          0.131515  0.868485
2026-03-28 17:11:09 | DEBUG | Feature vs LoanOutcome:
LoanOutcome  Defaulted    Repaid
AmtCredit                       
High          0.242764  0.757236
Low           0.155776  0.844224
Med           0.170420  0.829580
MedHigh       0.221172  0.778828
MedLow        0.168272  0.831728
VeryLow       0.106504  0.893496
2026-03-28 17:11:09 | DEBUG | Feature vs LoanOutcome:
LoanOutcome    Defaulted    Repaid
AmtGoodsPrice                     
High            0.245559  0.754441
Low             0.133099  0.866901
MedHigh         0.213553  0.786447
Medium          0.211529  0.788471
Unknown         0.077626  0.922374
VeryHigh        0.268170  0.731830
VeryLow         0.139851  0.860149
2026-03-28 17:11:09 | DEBUG | Feature vs LoanOutcome:
LoanOutcome            Defaulted    Repaid
AmtReqCreditBureauMon                     
Medium                  0.084956  0.915044
Unknown                 0.224428  0.775572
VeryLow                 0.065462  0.934538
2026-03-28 17:11:09 | DEBUG | Feature vs LoanOutcome:
LoanOutcome     Defaulted    Repaid
PaymentHistory                     
High             0.209757  0.790243
Low              0.128525  0.871475
Medium           0.221384  0.778616
2026-03-28 17:11:09 | DEBUG | Feature vs LoanOutcome:
LoanOutcome        Defaulted    Repaid
PriorLoanApproved                     
No                  0.117085  0.882915
Yes                 0.211425  0.788575
2026-03-28 17:11:09 | DEBUG | Feature vs LoanOutcome:
LoanOutcome   Defaulted    Repaid
PrevRejected                     
Multiple       0.265592  0.734408
None           0.189949  0.810051
Once           0.223072  0.776928
Twice          0.238190  0.761810
2026-03-28 17:11:09 | DEBUG | Feature vs LoanOutcome:
LoanOutcome        Defaulted    Repaid
CreditUtilization                     
High                0.258163  0.741837
Low                 0.201249  0.798751
MaxedOut            0.299699  0.700301
Medium              0.219782  0.780218
2026-03-28 17:11:09 | DEBUG | Feature vs LoanOutcome:
LoanOutcome  Defaulted    Repaid
DPD                             
High          0.200613  0.799387
Low           0.222013  0.777987
Medium        0.206823  0.793177
None          0.203711  0.796289
2026-03-28 17:11:09 | DEBUG | Feature vs LoanOutcome:
LoanOutcome     Defaulted    Repaid
ContractStatus                     
Active           0.211824  0.788176
Inactive         0.113391  0.886609
2026-03-28 17:11:09 | DEBUG | Feature vs LoanOutcome:
LoanOutcome  Defaulted    Repaid
DaysOverdue                     
High          0.202116  0.797884
Low           0.298307  0.701693
Medium        0.248945  0.751055
None          0.205952  0.794048
2026-03-28 17:11:09 | DEBUG | Feature vs LoanOutcome:
LoanOutcome  Defaulted    Repaid
MaxOverdue                      
High          0.211313  0.788687
Low           0.196112  0.803888
Medium        0.200520  0.799480
None          0.206950  0.793050
2026-03-28 17:11:09 | DEBUG | Feature vs LoanOutcome:
LoanOutcome  Defaulted    Repaid
DebtLoad                        
High          0.222632  0.777368
Low           0.195837  0.804163
Medium        0.197096  0.802904
None          0.194574  0.805426
2026-03-28 17:11:10 | DEBUG | Feature vs LoanOutcome:
LoanOutcome      Defaulted    Repaid
CreditProlonged                     
Many              0.060241  0.939759
Never             0.208800  0.791200
Once              0.118071  0.881929
Several           0.109976  0.890024
2026-03-28 17:11:10 | DEBUG | Feature vs LoanOutcome:
LoanOutcome    Defaulted    Repaid
ActiveCredits                     
Few             0.203072  0.796928
Many            0.239002  0.760998
None            0.203095  0.796905
One             0.194412  0.805588
2026-03-28 17:11:11 | DEBUG | Resampling LoanOutcome distribution:
LoanOutcome
Repaid       226149
Defaulted     79152
2026-03-28 17:11:11 | DEBUG | create_expert_model df rows, cols: (305301, 21)
2026-03-28 17:11:13 | DEBUG | Model valid:True
2026-03-28 17:11:13 | DEBUG | Full Influence Model
2026-03-28 17:11:13 | DEBUG | 
========================================
2026-03-28 17:11:13 | DEBUG |   Influence Map for: LoanOutcome
2026-03-28 17:11:13 | DEBUG | ========================================
2026-03-28 17:11:13 | DEBUG | Model CPS
2026-03-28 17:11:17 | DEBUG | Model cpds:+------------------------+-----+
| AmtGoodsPrice          | ... |
+------------------------+-----+
| AmtReqCreditBureauMon  | ... |
+------------------------+-----+
| CreditProlonged        | ... |
+------------------------+-----+
| ExtSource1Risk         | ... |
+------------------------+-----+
| ExtSource2Risk         | ... |
+------------------------+-----+
| ExtSource3Risk         | ... |
+------------------------+-----+
| PaymentHistory         | ... |
+------------------------+-----+
| LoanOutcome(Defaulted) | ... |
+------------------------+-----+
| LoanOutcome(Repaid)    | ... |
+------------------------+-----+
2026-03-28 17:11:17 | DEBUG | create_auto_model df rows, cols: (305301, 21)
2026-03-28 17:11:35 | DEBUG | Structure search complete. Learned edges:
[('IncomeType', 'OccupationType'), ('IncomeType', 'ExtSource1Risk'), ('IncomeType', 'ExtSource3Risk'), ('IncomeType', 'DebtLoad'), ('IncomeType', 'ContractStatus'), ('OccupationType', 'ExtSource1Risk'), ('OccupationType', 'DebtLoad'), ('IncomeBracket', 'DebtLoad'), ('IncomeBracket', 'ExtSource2Risk'), ('IncomeBracket', 'OccupationType'), ('IncomeBracket', 'IncomeType'), ('IncomeBracket', 'AmtCredit'), ('IncomeBracket', 'ActiveCredits'), ('IncomeBracket', 'MaxOverdue'), ('ExtSource1Risk', 'ExtSource2Risk'), ('ExtSource3Risk', 'PrevRejected'), ('ExtSource3Risk', 'MaxOverdue'), ('ExtSource3Risk', 'AmtReqCreditBureauMon'), ('ExtSource3Risk', 'DaysOverdue'), ('ExtSource3Risk', 'LoanOutcome'), ('AmtCredit', 'ExtSource1Risk'), ('AmtCredit', 'ContractStatus'), ('AmtCredit', 'OccupationType'), ('AmtGoodsPrice', 'AmtCredit'), ('AmtGoodsPrice', 'IncomeBracket'), ('AmtGoodsPrice', 'LoanOutcome'), ('AmtGoodsPrice', 'IncomeType'), ('AmtReqCreditBureauMon', 'LoanOutcome'), ('AmtReqCreditBureauMon', 'ContractStatus'), ('PaymentHistory', 'CreditUtilization'), ('PriorLoanApproved', 'PaymentHistory'), ('PriorLoanApproved', 'PrevRejected'), ('PrevRejected', 'CreditUtilization'), ('DPD', 'PaymentHistory'), ('DPD', 'PrevRejected'), ('DPD', 'PriorLoanApproved'), ('ContractStatus', 'PriorLoanApproved'), ('ContractStatus', 'PaymentHistory'), ('ContractStatus', 'CreditUtilization'), ('ContractStatus', 'DPD'), ('MaxOverdue', 'CreditProlonged'), ('MaxOverdue', 'DPD'), ('DebtLoad', 'ActiveCredits'), ('DebtLoad', 'ExtSource3Risk'), ('ActiveCredits', 'ExtSource3Risk'), ('ActiveCredits', 'MaxOverdue'), ('ActiveCredits', 'AmtReqCreditBureauMon'), ('ActiveCredits', 'CreditProlonged'), ('ActiveCredits', 'DaysOverdue')]
2026-03-28 17:11:36 | DEBUG | Auto Model valid: True
2026-03-28 17:11:36 | DEBUG | Full Influence Auto Model
2026-03-28 17:11:36 | DEBUG | 
========================================
2026-03-28 17:11:36 | DEBUG |   Influence Map for: LoanOutcome
2026-03-28 17:11:36 | DEBUG | ========================================
2026-03-28 17:11:36 | DEBUG | Auto Model CPS
2026-03-28 17:11:36 | DEBUG | Full Influence Auto Model: +------------------------+-----+
| AmtGoodsPrice          | ... |
+------------------------+-----+
| AmtReqCreditBureauMon  | ... |
+------------------------+-----+
| ExtSource3Risk         | ... |
+------------------------+-----+
| LoanOutcome(Defaulted) | ... |
+------------------------+-----+
| LoanOutcome(Repaid)    | ... |
+------------------------+-----+
2026-03-28 17:11:36 | DEBUG | === Expert Model Threshold Sweep ===
2026-03-28 17:11:36 | DEBUG | running predict test df rows, cols: (71251, 21)
2026-03-28 17:12:01 | DEBUG | Predicted probability distribution:
  min:    0.000
  max:    0.998
  mean:   0.259
  median: 0.259
  >0.20:  49527
  >0.30:  25732
  >0.40:  9363
2026-03-28 17:12:02 | DEBUG | Probability distribution plot saved: logs/Expert_prob_dist_20260328_171201.png
2026-03-28 17:12:02 | DEBUG | Accuracy: 0.310
2026-03-28 17:12:02 | DEBUG | Classification Report:
              precision    recall  f1-score   support

   Defaulted       0.22      0.95      0.36     14714
      Repaid       0.92      0.14      0.25     56537

    accuracy                           0.31     71251
   macro avg       0.57      0.55      0.30     71251
weighted avg       0.77      0.31      0.27     71251

2026-03-28 17:12:02 | DEBUG | Confusion Matrix (rows=actual, cols=predicted):
                 Repaid  Defaulted
  Repaid         8066      48471
  Defaulted       720      13994
2026-03-28 17:12:03 | DEBUG | Threshold 0.10 | Precision: 0.224  Recall: 0.951  F1: 0.363  BalAcc: 0.547
2026-03-28 17:12:03 | DEBUG | running predict test df rows, cols: (71251, 21)
2026-03-28 17:12:27 | DEBUG | Predicted probability distribution:
  min:    0.000
  max:    0.998
  mean:   0.259
  median: 0.259
  >0.20:  49527
  >0.30:  25732
  >0.40:  9363
2026-03-28 17:12:28 | DEBUG | Probability distribution plot saved: logs/Expert_prob_dist_20260328_171228.png
2026-03-28 17:12:28 | DEBUG | Accuracy: 0.374
2026-03-28 17:12:28 | DEBUG | Classification Report:
              precision    recall  f1-score   support

   Defaulted       0.24      0.90      0.37     14714
      Repaid       0.90      0.24      0.37     56537

    accuracy                           0.37     71251
   macro avg       0.57      0.57      0.37     71251
weighted avg       0.77      0.37      0.37     71251

2026-03-28 17:12:28 | DEBUG | Confusion Matrix (rows=actual, cols=predicted):
                 Repaid  Defaulted
  Repaid        13303      43234
  Defaulted      1400      13314
2026-03-28 17:12:29 | DEBUG | Threshold 0.15 | Precision: 0.235  Recall: 0.905  F1: 0.374  BalAcc: 0.570
2026-03-28 17:12:29 | DEBUG | running predict test df rows, cols: (71251, 21)
2026-03-28 17:12:55 | DEBUG | Predicted probability distribution:
  min:    0.000
  max:    0.998
  mean:   0.259
  median: 0.259
  >0.20:  49527
  >0.30:  25732
  >0.40:  9363
2026-03-28 17:12:55 | DEBUG | Probability distribution plot saved: logs/Expert_prob_dist_20260328_171255.png
2026-03-28 17:12:55 | DEBUG | Accuracy: 0.444
2026-03-28 17:12:55 | DEBUG | Classification Report:
              precision    recall  f1-score   support

   Defaulted       0.25      0.84      0.38     14714
      Repaid       0.89      0.34      0.49     56537

    accuracy                           0.44     71251
   macro avg       0.57      0.59      0.44     71251
weighted avg       0.76      0.44      0.47     71251

2026-03-28 17:12:56 | DEBUG | Confusion Matrix (rows=actual, cols=predicted):
                 Repaid  Defaulted
  Repaid        19330      37207
  Defaulted      2394      12320
2026-03-28 17:12:56 | DEBUG | Threshold 0.20 | Precision: 0.249  Recall: 0.837  F1: 0.384  BalAcc: 0.590
2026-03-28 17:12:56 | DEBUG | running predict test df rows, cols: (71251, 21)
2026-03-28 17:13:22 | DEBUG | Predicted probability distribution:
  min:    0.000
  max:    0.998
  mean:   0.259
  median: 0.259
  >0.20:  49527
  >0.30:  25732
  >0.40:  9363
2026-03-28 17:13:22 | DEBUG | Probability distribution plot saved: logs/Expert_prob_dist_20260328_171322.png
2026-03-28 17:13:22 | DEBUG | Accuracy: 0.642
2026-03-28 17:13:22 | DEBUG | Classification Report:
              precision    recall  f1-score   support

   Defaulted       0.29      0.51      0.37     14714
      Repaid       0.84      0.68      0.75     56537

    accuracy                           0.64     71251
   macro avg       0.57      0.59      0.56     71251
weighted avg       0.73      0.64      0.67     71251

2026-03-28 17:13:22 | DEBUG | Confusion Matrix (rows=actual, cols=predicted):
                 Repaid  Defaulted
  Repaid        38259      18278
  Defaulted      7260       7454
2026-03-28 17:13:23 | DEBUG | Threshold 0.30 | Precision: 0.290  Recall: 0.507  F1: 0.369  BalAcc: 0.592
2026-03-28 17:13:23 | DEBUG | running predict test df rows, cols: (71251, 21)
2026-03-28 17:13:48 | DEBUG | Predicted probability distribution:
  min:    0.000
  max:    0.998
  mean:   0.259
  median: 0.259
  >0.20:  49527
  >0.30:  25732
  >0.40:  9363
2026-03-28 17:13:48 | DEBUG | Probability distribution plot saved: logs/Expert_prob_dist_20260328_171348.png
2026-03-28 17:13:48 | DEBUG | Accuracy: 0.707
2026-03-28 17:13:48 | DEBUG | Classification Report:
              precision    recall  f1-score   support

   Defaulted       0.31      0.34      0.32     14714
      Repaid       0.82      0.80      0.81     56537

    accuracy                           0.71     71251
   macro avg       0.57      0.57      0.57     71251
weighted avg       0.72      0.71      0.71     71251

2026-03-28 17:13:48 | DEBUG | Confusion Matrix (rows=actual, cols=predicted):
                 Repaid  Defaulted
  Repaid        45370      11167
  Defaulted      9702       5012
2026-03-28 17:13:49 | DEBUG | Threshold 0.35 | Precision: 0.310  Recall: 0.341  F1: 0.324  BalAcc: 0.572
2026-03-28 17:13:49 | DEBUG | running predict test df rows, cols: (71251, 21)
2026-03-28 17:14:14 | DEBUG | Predicted probability distribution:
  min:    0.000
  max:    0.998
  mean:   0.259
  median: 0.259
  >0.20:  49527
  >0.30:  25732
  >0.40:  9363
2026-03-28 17:14:14 | DEBUG | Probability distribution plot saved: logs/Expert_prob_dist_20260328_171414.png
2026-03-28 17:14:15 | DEBUG | Accuracy: 0.745
2026-03-28 17:14:15 | DEBUG | Classification Report:
              precision    recall  f1-score   support

   Defaulted       0.32      0.20      0.25     14714
      Repaid       0.81      0.89      0.85     56537

    accuracy                           0.75     71251
   macro avg       0.56      0.54      0.55     71251
weighted avg       0.71      0.75      0.72     71251

2026-03-28 17:14:15 | DEBUG | Confusion Matrix (rows=actual, cols=predicted):
                 Repaid  Defaulted
  Repaid        50138       6399
  Defaulted     11750       2964
2026-03-28 17:14:15 | DEBUG | Threshold 0.40 | Precision: 0.317  Recall: 0.201  F1: 0.246  BalAcc: 0.544
2026-03-28 17:14:15 | DEBUG | running predict test df rows, cols: (71251, 21)
2026-03-28 17:14:41 | DEBUG | Predicted probability distribution:
  min:    0.000
  max:    0.998
  mean:   0.259
  median: 0.259
  >0.20:  49527
  >0.30:  25732
  >0.40:  9363
2026-03-28 17:14:41 | DEBUG | Probability distribution plot saved: logs/Expert_prob_dist_20260328_171441.png
2026-03-28 17:14:41 | DEBUG | Accuracy: 0.765
2026-03-28 17:14:41 | DEBUG | Classification Report:
              precision    recall  f1-score   support

   Defaulted       0.31      0.11      0.17     14714
      Repaid       0.80      0.93      0.86     56537

    accuracy                           0.76     71251
   macro avg       0.56      0.52      0.52     71251
weighted avg       0.70      0.76      0.72     71251

2026-03-28 17:14:41 | DEBUG | Confusion Matrix (rows=actual, cols=predicted):
                 Repaid  Defaulted
  Repaid        52800       3737
  Defaulted     13028       1686
2026-03-28 17:14:42 | DEBUG | Threshold 0.45 | Precision: 0.311  Recall: 0.115  F1: 0.167  BalAcc: 0.524
2026-03-28 17:14:42 | DEBUG | running predict test df rows, cols: (71251, 21)
2026-03-28 17:15:07 | DEBUG | Predicted probability distribution:
  min:    0.000
  max:    0.998
  mean:   0.259
  median: 0.259
  >0.20:  49527
  >0.30:  25732
  >0.40:  9363
2026-03-28 17:15:07 | DEBUG | Probability distribution plot saved: logs/Expert_prob_dist_20260328_171507.png
2026-03-28 17:15:07 | DEBUG | Accuracy: 0.772
2026-03-28 17:15:07 | DEBUG | Classification Report:
              precision    recall  f1-score   support

   Defaulted       0.29      0.07      0.12     14714
      Repaid       0.80      0.95      0.87     56537

    accuracy                           0.77     71251
   macro avg       0.55      0.51      0.49     71251
weighted avg       0.69      0.77      0.71     71251

2026-03-28 17:15:07 | DEBUG | Confusion Matrix (rows=actual, cols=predicted):
                 Repaid  Defaulted
  Repaid        53899       2638
  Defaulted     13624       1090
2026-03-28 17:15:08 | DEBUG | Threshold 0.50 | Precision: 0.292  Recall: 0.074  F1: 0.118  BalAcc: 0.514
2026-03-28 17:15:08 | DEBUG | running predict test df rows, cols: (71251, 21)
2026-03-28 17:15:33 | DEBUG | Predicted probability distribution:
  min:    0.000
  max:    0.998
  mean:   0.259
  median: 0.259
  >0.20:  49527
  >0.30:  25732
  >0.40:  9363
2026-03-28 17:15:34 | DEBUG | Probability distribution plot saved: logs/Expert_prob_dist_20260328_171534.png
2026-03-28 17:15:34 | DEBUG | Accuracy: 0.788
2026-03-28 17:15:34 | DEBUG | Classification Report:
              precision    recall  f1-score   support

   Defaulted       0.33      0.03      0.05     14714
      Repaid       0.80      0.99      0.88     56537

    accuracy                           0.79     71251
   macro avg       0.56      0.51      0.46     71251
weighted avg       0.70      0.79      0.71     71251

2026-03-28 17:15:34 | DEBUG | Confusion Matrix (rows=actual, cols=predicted):
                 Repaid  Defaulted
  Repaid        55766        771
  Defaulted     14342        372
2026-03-28 17:15:35 | DEBUG | Threshold 0.55 | Precision: 0.325  Recall: 0.025  F1: 0.047  BalAcc: 0.506
2026-03-28 17:15:35 | DEBUG | running predict test df rows, cols: (71251, 21)
2026-03-28 17:16:00 | DEBUG | Predicted probability distribution:
  min:    0.000
  max:    0.998
  mean:   0.259
  median: 0.259
  >0.20:  49527
  >0.30:  25732
  >0.40:  9363
2026-03-28 17:16:00 | DEBUG | Probability distribution plot saved: logs/Expert_prob_dist_20260328_171600.png
2026-03-28 17:16:00 | DEBUG | Accuracy: 0.790
2026-03-28 17:16:01 | DEBUG | Classification Report:
              precision    recall  f1-score   support

   Defaulted       0.31      0.01      0.03     14714
      Repaid       0.79      0.99      0.88     56537

    accuracy                           0.79     71251
   macro avg       0.55      0.50      0.45     71251
weighted avg       0.69      0.79      0.71     71251

2026-03-28 17:16:01 | DEBUG | Confusion Matrix (rows=actual, cols=predicted):
                 Repaid  Defaulted
  Repaid        56101        436
  Defaulted     14520        194
2026-03-28 17:16:01 | DEBUG | Threshold 0.60 | Precision: 0.308  Recall: 0.013  F1: 0.025  BalAcc: 0.503
2026-03-28 17:16:01 | DEBUG | 
=== Auto Model Threshold Sweep ===
2026-03-28 17:16:01 | DEBUG | running predict test df rows, cols: (71251, 21)
2026-03-28 17:16:34 | DEBUG | Predicted probability distribution:
  min:    0.001
  max:    0.471
  mean:   0.257
  median: 0.269
  >0.20:  51928
  >0.30:  22221
  >0.40:  4672
2026-03-28 17:16:34 | DEBUG | Probability distribution plot saved: logs/Auto_prob_dist_20260328_171634.png
2026-03-28 17:16:34 | DEBUG | Accuracy: 0.271
2026-03-28 17:16:35 | DEBUG | Classification Report:
              precision    recall  f1-score   support

   Defaulted       0.22      0.98      0.36     14714
      Repaid       0.95      0.09      0.16     56537

    accuracy                           0.27     71251
   macro avg       0.58      0.53      0.26     71251
weighted avg       0.80      0.27      0.20     71251

2026-03-28 17:16:35 | DEBUG | Confusion Matrix (rows=actual, cols=predicted):
                 Repaid  Defaulted
  Repaid         4850      51687
  Defaulted       257      14457
2026-03-28 17:16:35 | DEBUG | Threshold 0.10 | Precision: 0.219  Recall: 0.983  F1: 0.358  BalAcc: 0.534
2026-03-28 17:16:35 | DEBUG | running predict test df rows, cols: (71251, 21)
2026-03-28 17:17:08 | DEBUG | Predicted probability distribution:
  min:    0.001
  max:    0.471
  mean:   0.257
  median: 0.269
  >0.20:  51928
  >0.30:  22221
  >0.40:  4672
2026-03-28 17:17:08 | DEBUG | Probability distribution plot saved: logs/Auto_prob_dist_20260328_171708.png
2026-03-28 17:17:08 | DEBUG | Accuracy: 0.298
2026-03-28 17:17:09 | DEBUG | Classification Report:
              precision    recall  f1-score   support

   Defaulted       0.22      0.97      0.36     14714
      Repaid       0.94      0.12      0.22     56537

    accuracy                           0.30     71251
   macro avg       0.58      0.55      0.29     71251
weighted avg       0.79      0.30      0.25     71251

2026-03-28 17:17:09 | DEBUG | Confusion Matrix (rows=actual, cols=predicted):
                 Repaid  Defaulted
  Repaid         6982      49555
  Defaulted       475      14239
2026-03-28 17:17:09 | DEBUG | Threshold 0.15 | Precision: 0.223  Recall: 0.968  F1: 0.363  BalAcc: 0.546
2026-03-28 17:17:09 | DEBUG | running predict test df rows, cols: (71251, 21)
2026-03-28 17:17:42 | DEBUG | Predicted probability distribution:
  min:    0.001
  max:    0.471
  mean:   0.257
  median: 0.269
  >0.20:  51928
  >0.30:  22221
  >0.40:  4672
2026-03-28 17:17:42 | DEBUG | Probability distribution plot saved: logs/Auto_prob_dist_20260328_171742.png
2026-03-28 17:17:42 | DEBUG | Accuracy: 0.419
2026-03-28 17:17:42 | DEBUG | Classification Report:
              precision    recall  f1-score   support

   Defaulted       0.24      0.86      0.38     14714
      Repaid       0.89      0.30      0.45     56537

    accuracy                           0.42     71251
   macro avg       0.57      0.58      0.42     71251
weighted avg       0.76      0.42      0.44     71251

2026-03-28 17:17:42 | DEBUG | Confusion Matrix (rows=actual, cols=predicted):
                 Repaid  Defaulted
  Repaid        17237      39300
  Defaulted      2086      12628
2026-03-28 17:17:43 | DEBUG | Threshold 0.20 | Precision: 0.243  Recall: 0.858  F1: 0.379  BalAcc: 0.582
2026-03-28 17:17:43 | DEBUG | running predict test df rows, cols: (71251, 21)
2026-03-28 17:18:15 | DEBUG | Predicted probability distribution:
  min:    0.001
  max:    0.471
  mean:   0.257
  median: 0.269
  >0.20:  51928
  >0.30:  22221
  >0.40:  4672
2026-03-28 17:18:15 | DEBUG | Probability distribution plot saved: logs/Auto_prob_dist_20260328_171815.png
2026-03-28 17:18:15 | DEBUG | Accuracy: 0.665
2026-03-28 17:18:16 | DEBUG | Classification Report:
              precision    recall  f1-score   support

   Defaulted       0.29      0.44      0.35     14714
      Repaid       0.83      0.72      0.77     56537

    accuracy                           0.67     71251
   macro avg       0.56      0.58      0.56     71251
weighted avg       0.72      0.67      0.69     71251

2026-03-28 17:18:16 | DEBUG | Confusion Matrix (rows=actual, cols=predicted):
                 Repaid  Defaulted
  Repaid        40849      15688
  Defaulted      8181       6533
2026-03-28 17:18:16 | DEBUG | Threshold 0.30 | Precision: 0.294  Recall: 0.444  F1: 0.354  BalAcc: 0.583
2026-03-28 17:18:16 | DEBUG | running predict test df rows, cols: (71251, 21)
2026-03-28 17:18:49 | DEBUG | Predicted probability distribution:
  min:    0.001
  max:    0.471
  mean:   0.257
  median: 0.269
  >0.20:  51928
  >0.30:  22221
  >0.40:  4672
2026-03-28 17:18:49 | DEBUG | Probability distribution plot saved: logs/Auto_prob_dist_20260328_171849.png
2026-03-28 17:18:49 | DEBUG | Accuracy: 0.746
2026-03-28 17:18:49 | DEBUG | Classification Report:
              precision    recall  f1-score   support

   Defaulted       0.33      0.22      0.27     14714
      Repaid       0.81      0.88      0.85     56537

    accuracy                           0.75     71251
   macro avg       0.57      0.55      0.56     71251
weighted avg       0.71      0.75      0.73     71251

2026-03-28 17:18:50 | DEBUG | Confusion Matrix (rows=actual, cols=predicted):
                 Repaid  Defaulted
  Repaid        49903       6634
  Defaulted     11449       3265
2026-03-28 17:18:50 | DEBUG | Threshold 0.35 | Precision: 0.330  Recall: 0.222  F1: 0.265  BalAcc: 0.552
2026-03-28 17:18:50 | DEBUG | running predict test df rows, cols: (71251, 21)
2026-03-28 17:19:23 | DEBUG | Predicted probability distribution:
  min:    0.001
  max:    0.471
  mean:   0.257
  median: 0.269
  >0.20:  51928
  >0.30:  22221
  >0.40:  4672
2026-03-28 17:19:23 | DEBUG | Probability distribution plot saved: logs/Auto_prob_dist_20260328_171923.png
2026-03-28 17:19:23 | DEBUG | Accuracy: 0.774
2026-03-28 17:19:23 | DEBUG | Classification Report:
              precision    recall  f1-score   support

   Defaulted       0.35      0.11      0.17     14714
      Repaid       0.80      0.95      0.87     56537

    accuracy                           0.77     71251
   macro avg       0.58      0.53      0.52     71251
weighted avg       0.71      0.77      0.73     71251

2026-03-28 17:19:24 | DEBUG | Confusion Matrix (rows=actual, cols=predicted):
                 Repaid  Defaulted
  Repaid        53522       3015
  Defaulted     13057       1657
2026-03-28 17:19:24 | DEBUG | Threshold 0.40 | Precision: 0.355  Recall: 0.113  F1: 0.171  BalAcc: 0.530
2026-03-28 17:19:24 | DEBUG | running predict test df rows, cols: (71251, 21)
2026-03-28 17:19:57 | DEBUG | Predicted probability distribution:
  min:    0.001
  max:    0.471
  mean:   0.257
  median: 0.269
  >0.20:  51928
  >0.30:  22221
  >0.40:  4672
2026-03-28 17:19:57 | DEBUG | Probability distribution plot saved: logs/Auto_prob_dist_20260328_171957.png
2026-03-28 17:19:57 | DEBUG | Accuracy: 0.790
2026-03-28 17:19:57 | DEBUG | Classification Report:
              precision    recall  f1-score   support

   Defaulted       0.39      0.03      0.05     14714
      Repaid       0.80      0.99      0.88     56537

    accuracy                           0.79     71251
   macro avg       0.59      0.51      0.47     71251
weighted avg       0.71      0.79      0.71     71251

2026-03-28 17:19:57 | DEBUG | Confusion Matrix (rows=actual, cols=predicted):
                 Repaid  Defaulted
  Repaid        55895        642
  Defaulted     14303        411
2026-03-28 17:19:58 | DEBUG | Threshold 0.45 | Precision: 0.390  Recall: 0.028  F1: 0.052  BalAcc: 0.508
2026-03-28 17:19:58 | DEBUG | running predict test df rows, cols: (71251, 21)
2026-03-28 17:20:31 | DEBUG | Predicted probability distribution:
  min:    0.001
  max:    0.471
  mean:   0.257
  median: 0.269
  >0.20:  51928
  >0.30:  22221
  >0.40:  4672
2026-03-28 17:20:31 | DEBUG | Probability distribution plot saved: logs/Auto_prob_dist_20260328_172031.png
2026-03-28 17:20:32 | DEBUG | Accuracy: 0.793
2026-03-28 17:20:32 | DEBUG | Classification Report:
              precision    recall  f1-score   support

   Defaulted       0.00      0.00      0.00     14714
      Repaid       0.79      1.00      0.88     56537

    accuracy                           0.79     71251
   macro avg       0.40      0.50      0.44     71251
weighted avg       0.63      0.79      0.70     71251

2026-03-28 17:20:32 | DEBUG | Confusion Matrix (rows=actual, cols=predicted):
                 Repaid  Defaulted
  Repaid        56537          0
  Defaulted     14714          0
2026-03-28 17:20:32 | DEBUG | Threshold 0.50 | Precision: 0.000  Recall: 0.000  F1: 0.000  BalAcc: 0.500
2026-03-28 17:20:32 | DEBUG | running predict test df rows, cols: (71251, 21)
2026-03-28 17:21:05 | DEBUG | Predicted probability distribution:
  min:    0.001
  max:    0.471
  mean:   0.257
  median: 0.269
  >0.20:  51928
  >0.30:  22221
  >0.40:  4672
2026-03-28 17:21:05 | DEBUG | Probability distribution plot saved: logs/Auto_prob_dist_20260328_172105.png
2026-03-28 17:21:06 | DEBUG | Accuracy: 0.793
2026-03-28 17:21:06 | DEBUG | Classification Report:
              precision    recall  f1-score   support

   Defaulted       0.00      0.00      0.00     14714
      Repaid       0.79      1.00      0.88     56537

    accuracy                           0.79     71251
   macro avg       0.40      0.50      0.44     71251
weighted avg       0.63      0.79      0.70     71251

2026-03-28 17:21:06 | DEBUG | Confusion Matrix (rows=actual, cols=predicted):
                 Repaid  Defaulted
  Repaid        56537          0
  Defaulted     14714          0
2026-03-28 17:21:06 | DEBUG | Threshold 0.55 | Precision: 0.000  Recall: 0.000  F1: 0.000  BalAcc: 0.500
2026-03-28 17:21:06 | DEBUG | running predict test df rows, cols: (71251, 21)
2026-03-28 17:21:39 | DEBUG | Predicted probability distribution:
  min:    0.001
  max:    0.471
  mean:   0.257
  median: 0.269
  >0.20:  51928
  >0.30:  22221
  >0.40:  4672
2026-03-28 17:21:39 | DEBUG | Probability distribution plot saved: logs/Auto_prob_dist_20260328_172139.png
2026-03-28 17:21:39 | DEBUG | Accuracy: 0.793
2026-03-28 17:21:39 | DEBUG | Classification Report:
              precision    recall  f1-score   support

   Defaulted       0.00      0.00      0.00     14714
      Repaid       0.79      1.00      0.88     56537

    accuracy                           0.79     71251
   macro avg       0.40      0.50      0.44     71251
weighted avg       0.63      0.79      0.70     71251

2026-03-28 17:21:40 | DEBUG | Confusion Matrix (rows=actual, cols=predicted):
                 Repaid  Defaulted
  Repaid        56537          0
  Defaulted     14714          0
2026-03-28 17:21:40 | DEBUG | Threshold 0.60 | Precision: 0.000  Recall: 0.000  F1: 0.000  BalAcc: 0.500
