2026-03-28 16:19:07 | DEBUG | Logger initialized — level: DEBUG, file: logs/bayesian_model_20260328_161907.log
2026-03-28 16:19:07 | DEBUG | Running get merged data dir: data/
2026-03-28 16:19:07 | DEBUG | Running get_app_data dir: data/
2026-03-28 16:19:10 | DEBUG | IncomeBracket distribution:
IncomeBracket
Medium    125959
Low       121651
High      108645
2026-03-28 16:19:10 | DEBUG | LoanOutcome distribution:
LoanOutcome
Repaid       282686
Defaulted     73569
2026-03-28 16:19:10 | DEBUG | ExtSource1Risk distribution:
ExtSource1Risk
NaN         193910
Medium       36561
MedHigh      35702
Low          32866
High         29903
VeryHigh     14066
VeryLow      13247
2026-03-28 16:19:10 | DEBUG | ExtSource2Risk distribution:
ExtSource2Risk
Medium      118303
Low         101191
MedHigh      61825
High         42186
VeryHigh     31400
VeryLow        682
NaN            668
2026-03-28 16:19:10 | DEBUG | ExtSource3Risk distribution:
ExtSource3Risk
Medium      79047
Low         70415
NaN         69633
MedHigh     62387
High        41787
VeryHigh    22651
VeryLow     10335
2026-03-28 16:19:10 | DEBUG | AmtCredit distribution:
AmtCredit
High       149475
MedLow      80397
MedHigh     71349
Med         20703
VeryLow     18421
Low         15910
2026-03-28 16:19:10 | DEBUG | AmtGoodsPrice distribution:
AmtGoodsPrice
VeryLow     88132
Medium      81641
VeryHigh    70442
MedHigh     69809
High        35981
Low          9972
NaN           278
2026-03-28 16:19:10 | DEBUG | AmtReqCreditBureauMon distribution:
AmtReqCreditBureauMon
NaN        312142
Medium      33471
VeryLow     10642
2026-03-28 16:19:10 | DEBUG | Running generate_bureau_summary dir: data/
2026-03-28 16:19:33 | DEBUG | Running generate_install_summary dir: data/
2026-03-28 16:20:47 | DEBUG | Running generate_util_summary dir: data/
2026-03-28 16:20:52 | DEBUG | Running generate_pos_summary dir: data/
2026-03-28 16:21:19 | DEBUG | Running generate_prev_summary dir: data/
